# ---- Run 1: pmc: FETCH_SIZE  ----
INFO 07-31 21:02:48 [__init__.py:244] Automatically detected platform rocm.
Decode CU mask : ['0xffffffff', '0xffffffff', '0x7ffffff', '0x0', '0x0', '0x0', '0x0', '0x0', '0x0', '0x0']
Prefill CU mask: ['0x0', '0x0', '0xf8000000', '0xffffffff', '0xffffffff', '0xffffffff', '0xffffffff', '0xffffffff', '0xffffffff', '0xffff']
Mean of output for both 0.000560760498046875 -0.030242919921875
[0;31mE20250731 21:03:01.194063 139806167127808 output_stream.cpp:105] Opened result file: /workspace/IntraGPUDisagg/pmc_1/useocpm2m-438-016/560072_counter_collection.csv
[m[0;31mE20250731 21:03:01.202897 139806167127808 output_stream.cpp:105] Opened result file: /workspace/IntraGPUDisagg/pmc_1/useocpm2m-438-016/560072_agent_info.csv
[m# ---- Run 2: pmc: WRITE_SIZE BANDWIDTH_EA ----
INFO 07-31 21:03:14 [__init__.py:244] Automatically detected platform rocm.
Decode CU mask : ['0xffffffff', '0xffffffff', '0x7ffffff', '0x0', '0x0', '0x0', '0x0', '0x0', '0x0', '0x0']
Prefill CU mask: ['0x0', '0x0', '0xf8000000', '0xffffffff', '0xffffffff', '0xffffffff', '0xffffffff', '0xffffffff', '0xffffffff', '0xffff']
Mean of output for both -0.000396728515625 0.0147247314453125
[0;31mE20250731 21:03:26.909809 140110133397248 output_stream.cpp:105] Opened result file: /workspace/IntraGPUDisagg/pmc_1/useocpm2m-438-016/560230_counter_collection.csv
[m[0;31mE20250731 21:03:26.918638 140110133397248 output_stream.cpp:105] Opened result file: /workspace/IntraGPUDisagg/pmc_1/useocpm2m-438-016/560230_agent_info.csv
[m# ---- Run 3: pmc: TCC_HIT_sum TCC_MISS_sum TCC_REQ_sum ----
INFO 07-31 21:03:40 [__init__.py:244] Automatically detected platform rocm.
Decode CU mask : ['0xffffffff', '0xffffffff', '0x7ffffff', '0x0', '0x0', '0x0', '0x0', '0x0', '0x0', '0x0']
Prefill CU mask: ['0x0', '0x0', '0xf8000000', '0xffffffff', '0xffffffff', '0xffffffff', '0xffffffff', '0xffffffff', '0xffffffff', '0xffff']
Mean of output for both 9.626150131225586e-05 -0.029449462890625
[0;31mE20250731 21:03:52.687164 140134166947584 output_stream.cpp:105] Opened result file: /workspace/IntraGPUDisagg/pmc_1/useocpm2m-438-016/560365_counter_collection.csv
[m[0;31mE20250731 21:03:52.696274 140134166947584 output_stream.cpp:105] Opened result file: /workspace/IntraGPUDisagg/pmc_1/useocpm2m-438-016/560365_agent_info.csv
[m# ---- Run 4: pmc: SQ_BUSY_CU_CYCLES SQ_BUSY_CYCLES ----
INFO 07-31 21:04:06 [__init__.py:244] Automatically detected platform rocm.
Decode CU mask : ['0xffffffff', '0xffffffff', '0x7ffffff', '0x0', '0x0', '0x0', '0x0', '0x0', '0x0', '0x0']
Prefill CU mask: ['0x0', '0x0', '0xf8000000', '0xffffffff', '0xffffffff', '0xffffffff', '0xffffffff', '0xffffffff', '0xffffffff', '0xffff']
Mean of output for both -0.00041747093200683594 -0.0416259765625
[0;31mE20250731 21:04:18.568417 140031569512192 output_stream.cpp:105] Opened result file: /workspace/IntraGPUDisagg/pmc_1/useocpm2m-438-016/560500_counter_collection.csv
[m[0;31mE20250731 21:04:18.577258 140031569512192 output_stream.cpp:105] Opened result file: /workspace/IntraGPUDisagg/pmc_1/useocpm2m-438-016/560500_agent_info.csv
[m# ---- Run 5: pmc: CU_NUM OccupancyPercent MfmaFlops     ----
INFO 07-31 21:04:31 [__init__.py:244] Automatically detected platform rocm.
Decode CU mask : ['0xffffffff', '0xffffffff', '0x7ffffff', '0x0', '0x0', '0x0', '0x0', '0x0', '0x0', '0x0']
Prefill CU mask: ['0x0', '0x0', '0xf8000000', '0xffffffff', '0xffffffff', '0xffffffff', '0xffffffff', '0xffffffff', '0xffffffff', '0xffff']
Mean of output for both -0.0004925727844238281 -0.0021533966064453125
[0;31mE20250731 21:04:43.924782 140624711784192 output_stream.cpp:105] Opened result file: /workspace/IntraGPUDisagg/pmc_1/useocpm2m-438-016/560635_counter_collection.csv
[m[0;31mE20250731 21:04:43.933693 140624711784192 output_stream.cpp:105] Opened result file: /workspace/IntraGPUDisagg/pmc_1/useocpm2m-438-016/560635_agent_info.csv
[m